2026-05-29T11:34:23 INFO __main__ :: Run dir: results/runs/baseline_smolvlm256_mscoco_short_2026-05-29_113423
2026-05-29T11:34:23 INFO __main__ :: Prompt key: caption_short
2026-05-29T11:34:23 INFO __main__ :: Loading model HuggingFaceTB/SmolVLM-256M-Instruct on cuda (dtype=torch.float16)…
2026-05-29T11:34:26 INFO __main__ :: Loaded. n_layers=30
2026-05-29T11:34:26 INFO vr_modality_bias.experiment.reference :: [000000000139] caption_ref: A yellow room has a television and a table with chairs.
2026-05-29T11:34:26 INFO vr_modality_bias.experiment.reference :: [000000000285] caption_ref: A brown bear is looking at the camera.
2026-05-29T11:34:27 INFO vr_modality_bias.experiment.reference :: [000000000632] caption_ref: A bedroom with a window, a bed, books, and a plant.
2026-05-29T11:34:27 INFO vr_modality_bias.experiment.reference :: [000000000724] caption_ref: A stop sign is visible on the street.
2026-05-29T11:34:27 INFO vr_modality_bias.experiment.reference :: [000000000776] caption_ref: A group of teddy bears are lying down on a couch.
2026-05-29T11:34:27 INFO vr_modality_bias.experiment.reference :: [000000000785] caption_ref: A person in a red jacket stands in the snow, holding ski poles.
2026-05-29T11:34:27 INFO vr_modality_bias.experiment.reference :: [000000000802] caption_ref: A kitchen with a stove, an oven, and a refrigerator.
2026-05-29T11:34:27 INFO vr_modality_bias.experiment.reference :: [000000000872] caption_ref: A baseball player is in the process of catching a pitch, surrounded by trees.
2026-05-29T11:34:28 INFO vr_modality_bias.experiment.reference :: [000000000885] caption_ref: A tennis player is reaching towards a player on the other side of a wall, advert...
2026-05-29T11:34:28 INFO vr_modality_bias.experiment.reference :: [000000001000] caption_ref: A group of people, including some in red and some in turquoise, are standing on ...
2026-05-29T11:34:28 INFO vr_modality_bias.experiment.reference :: [000000001268] caption_ref: People, water, bridge, birds, sky, sun, ground, open space.
2026-05-29T11:34:28 INFO vr_modality_bias.experiment.reference :: [000000001296] caption_ref: A woman holds a mobile phone in her hand and is looking at it with a serious exp...
2026-05-29T11:34:28 INFO vr_modality_bias.experiment.reference :: [000000001353] caption_ref: The image features a scene set inside an indoor playground, where children are s...
2026-05-29T11:34:29 INFO vr_modality_bias.experiment.reference :: [000000001425] caption_ref: A black and white image shows a sandwich on a plate.
2026-05-29T11:34:29 INFO vr_modality_bias.experiment.reference :: [000000001490] caption_ref: A black and white photo shows a surfer on a paddleboard in the ocean.
2026-05-29T11:34:29 INFO vr_modality_bias.experiment.reference :: [000000001503] caption_ref: Apple computers with wheels.
2026-05-29T11:34:29 INFO vr_modality_bias.experiment.reference :: [000000001532] caption_ref: Vehicles on the highway, sign for Hollywood Blvd.
2026-05-29T11:34:29 INFO vr_modality_bias.experiment.reference :: [000000001584] caption_ref: A double-decker bus is driving down the street with a large sign above it that s...
2026-05-29T11:34:29 INFO vr_modality_bias.experiment.reference :: [000000001675] caption_ref: A black cat is sitting on top of a laptop keyboard.
2026-05-29T11:34:30 INFO vr_modality_bias.experiment.reference :: [000000001761] caption_ref: Three airplanes fly over a bridge in a city.
2026-05-29T11:34:30 INFO vr_modality_bias.experiment.reference :: [000000001818] caption_ref: An animal is biting and drinking from a zebra's body.
2026-05-29T11:34:30 INFO vr_modality_bias.experiment.reference :: [000000001993] caption_ref: A room has a bed, a table, and a lamp.
2026-05-29T11:34:30 INFO vr_modality_bias.experiment.reference :: [000000002006] caption_ref: A purple bus with the number 96 is heading to the station.
2026-05-29T11:34:30 INFO vr_modality_bias.experiment.reference :: [000000002149] caption_ref: Apples in a bowl.
2026-05-29T11:34:30 INFO vr_modality_bias.experiment.reference :: [000000002153] caption_ref: A baseball game is underway on a grass and dirt field with three players and one...
2026-05-29T11:34:30 INFO vr_modality_bias.experiment.reference :: [000000002157] caption_ref: I have a cake and grapes on the table.
2026-05-29T11:34:31 INFO vr_modality_bias.experiment.reference :: [000000002261] caption_ref: A person swimming in a wave.
2026-05-29T11:34:31 INFO vr_modality_bias.experiment.reference :: [000000002299] caption_ref: A black and white photo of a group of children posing for a picture.
2026-05-29T11:34:31 INFO vr_modality_bias.experiment.reference :: [000000002431] caption_ref: A plate with bread, wine, and a knife contains a sauce.
2026-05-29T11:34:31 INFO vr_modality_bias.experiment.reference :: [000000002473] caption_ref: A skiier jumps in the sky.
2026-05-29T11:34:31 INFO __main__ :: Wrote 30 caption(s) to results/runs/baseline_smolvlm256_mscoco_short_2026-05-29_113423/ref_captions.jsonl.
