2026-05-29T11:34:42 INFO __main__ :: Run dir: /aluno/aluno_stephany/repos/VR-Modality-Bias/results/runs/baseline_smolvlm256_mscoco_short_2026-05-29_113423
2026-05-29T11:34:42 INFO __main__ :: Found 30 complete (A, B) pair(s).
2026-05-29T11:34:42 INFO __main__ :: Loading model HuggingFaceTB/SmolVLM-256M-Instruct on cuda (dtype=torch.float16)…
2026-05-29T11:34:45 INFO __main__ :: Loaded. n_layers=30
2026-05-29T11:34:45 INFO __main__ :: [000000000139] residual_ratio=0.5712
2026-05-29T11:34:45 INFO __main__ :: [000000000285] residual_ratio=0.4196
2026-05-29T11:34:45 INFO __main__ :: [000000000632] residual_ratio=0.7039
2026-05-29T11:34:45 INFO __main__ :: [000000000724] residual_ratio=0.3932
2026-05-29T11:34:45 INFO __main__ :: [000000000776] residual_ratio=0.5816
2026-05-29T11:34:45 INFO __main__ :: [000000000785] residual_ratio=0.6454
2026-05-29T11:34:45 INFO __main__ :: [000000000802] residual_ratio=0.6475
2026-05-29T11:34:45 INFO __main__ :: [000000000872] residual_ratio=0.5018
2026-05-29T11:34:45 INFO __main__ :: [000000000885] residual_ratio=0.7807
2026-05-29T11:34:45 INFO __main__ :: [000000001000] residual_ratio=0.7916
2026-05-29T11:34:45 INFO __main__ :: [000000001268] residual_ratio=0.5996
2026-05-29T11:34:45 INFO __main__ :: [000000001296] residual_ratio=0.5824
2026-05-29T11:34:45 INFO __main__ :: [000000001353] residual_ratio=0.7608
2026-05-29T11:34:45 INFO __main__ :: [000000001425] residual_ratio=0.6023
2026-05-29T11:34:46 INFO __main__ :: [000000001490] residual_ratio=0.6645
2026-05-29T11:34:46 INFO __main__ :: [000000001503] residual_ratio=nan
2026-05-29T11:34:46 INFO __main__ :: [000000001532] residual_ratio=0.6331
2026-05-29T11:34:46 INFO __main__ :: [000000001584] residual_ratio=0.8472
2026-05-29T11:34:46 INFO __main__ :: [000000001675] residual_ratio=0.5914
2026-05-29T11:34:46 INFO __main__ :: [000000001761] residual_ratio=0.3785
2026-05-29T11:34:46 INFO __main__ :: [000000001818] residual_ratio=0.3563
2026-05-29T11:34:46 INFO __main__ :: [000000001993] residual_ratio=0.6219
2026-05-29T11:34:46 INFO __main__ :: [000000002006] residual_ratio=0.5565
2026-05-29T11:34:46 INFO __main__ :: [000000002149] residual_ratio=0.1700
2026-05-29T11:34:46 INFO __main__ :: [000000002153] residual_ratio=0.7120
2026-05-29T11:34:46 INFO __main__ :: [000000002157] residual_ratio=0.4488
2026-05-29T11:34:46 INFO __main__ :: [000000002261] residual_ratio=0.3296
2026-05-29T11:34:46 INFO __main__ :: [000000002299] residual_ratio=0.5567
2026-05-29T11:34:46 INFO __main__ :: [000000002431] residual_ratio=0.6058
2026-05-29T11:34:46 INFO __main__ :: [000000002473] residual_ratio=0.3160
2026-05-29T11:34:47 INFO __main__ :: Wrote 30 row(s) to /aluno/aluno_stephany/repos/VR-Modality-Bias/results/runs/baseline_smolvlm256_mscoco_short_2026-05-29_113423/metrics.parquet.
