2026-06-01T22:18:47 INFO __main__ :: Run dir: /aluno/aluno_stephany/repos/VR-Modality-Bias/results/runs/baseline_smolvlm256_mscoco_short_2026-05-29_113423
2026-06-01T22:18:47 INFO __main__ :: [000000001584] panel saved: caption_len=26, residual_ratio=0.8472, path=/aluno/aluno_stephany/repos/VR-Modality-Bias/results/runs/baseline_smolvlm256_mscoco_short_2026-05-29_113423/plots/unit_example_000000001584.png
2026-06-01T22:19:33 INFO __main__ :: Run dir: /aluno/aluno_stephany/repos/VR-Modality-Bias/results/runs/baseline_smolvlm256_mscoco_short_2026-05-29_113423
2026-06-01T22:19:34 INFO __main__ :: [000000002149] panel saved: caption_len=6, residual_ratio=0.1700, path=/aluno/aluno_stephany/repos/VR-Modality-Bias/results/runs/baseline_smolvlm256_mscoco_short_2026-05-29_113423/plots/unit_example_000000002149.png
2026-06-01T22:19:43 INFO __main__ :: Run dir: /aluno/aluno_stephany/repos/VR-Modality-Bias/results/runs/baseline_smolvlm256_mscoco_short_2026-05-29_113423
2026-06-01T22:19:43 INFO __main__ :: [000000000139] panel saved: caption_len=12, residual_ratio=0.5712, path=/aluno/aluno_stephany/repos/VR-Modality-Bias/results/runs/baseline_smolvlm256_mscoco_short_2026-05-29_113423/plots/unit_example_000000000139.png
2026-06-01T22:36:20 INFO __main__ :: Run dir: /aluno/aluno_stephany/repos/VR-Modality-Bias/results/runs/baseline_smolvlm256_mscoco_short_2026-05-29_113423
2026-06-01T22:36:21 INFO __main__ :: Rendering unit examples for 30 image(s).
2026-06-01T22:36:21 INFO __main__ :: [000000000139] folder ready (rr=0.5712): /aluno/aluno_stephany/repos/VR-Modality-Bias/results/runs/baseline_smolvlm256_mscoco_short_2026-05-29_113423/plots/unit_examples/000000000139
2026-06-01T22:36:21 INFO __main__ :: [000000000285] folder ready (rr=0.4196): /aluno/aluno_stephany/repos/VR-Modality-Bias/results/runs/baseline_smolvlm256_mscoco_short_2026-05-29_113423/plots/unit_examples/000000000285
2026-06-01T22:36:21 INFO __main__ :: [000000000632] folder ready (rr=0.7039): /aluno/aluno_stephany/repos/VR-Modality-Bias/results/runs/baseline_smolvlm256_mscoco_short_2026-05-29_113423/plots/unit_examples/000000000632
2026-06-01T22:36:21 INFO __main__ :: [000000000724] folder ready (rr=0.3932): /aluno/aluno_stephany/repos/VR-Modality-Bias/results/runs/baseline_smolvlm256_mscoco_short_2026-05-29_113423/plots/unit_examples/000000000724
2026-06-01T22:36:21 INFO __main__ :: [000000000776] folder ready (rr=0.5816): /aluno/aluno_stephany/repos/VR-Modality-Bias/results/runs/baseline_smolvlm256_mscoco_short_2026-05-29_113423/plots/unit_examples/000000000776
2026-06-01T22:36:22 INFO __main__ :: [000000000785] folder ready (rr=0.6454): /aluno/aluno_stephany/repos/VR-Modality-Bias/results/runs/baseline_smolvlm256_mscoco_short_2026-05-29_113423/plots/unit_examples/000000000785
2026-06-01T22:36:22 INFO __main__ :: [000000000802] folder ready (rr=0.6475): /aluno/aluno_stephany/repos/VR-Modality-Bias/results/runs/baseline_smolvlm256_mscoco_short_2026-05-29_113423/plots/unit_examples/000000000802
2026-06-01T22:36:22 INFO __main__ :: [000000000872] folder ready (rr=0.5018): /aluno/aluno_stephany/repos/VR-Modality-Bias/results/runs/baseline_smolvlm256_mscoco_short_2026-05-29_113423/plots/unit_examples/000000000872
2026-06-01T22:36:22 INFO __main__ :: [000000000885] folder ready (rr=0.7807): /aluno/aluno_stephany/repos/VR-Modality-Bias/results/runs/baseline_smolvlm256_mscoco_short_2026-05-29_113423/plots/unit_examples/000000000885
2026-06-01T22:36:22 INFO __main__ :: [000000001000] folder ready (rr=0.7916): /aluno/aluno_stephany/repos/VR-Modality-Bias/results/runs/baseline_smolvlm256_mscoco_short_2026-05-29_113423/plots/unit_examples/000000001000
2026-06-01T22:36:22 INFO __main__ :: [000000001268] folder ready (rr=0.5996): /aluno/aluno_stephany/repos/VR-Modality-Bias/results/runs/baseline_smolvlm256_mscoco_short_2026-05-29_113423/plots/unit_examples/000000001268
2026-06-01T22:36:22 INFO __main__ :: [000000001296] folder ready (rr=0.5824): /aluno/aluno_stephany/repos/VR-Modality-Bias/results/runs/baseline_smolvlm256_mscoco_short_2026-05-29_113423/plots/unit_examples/000000001296
2026-06-01T22:36:23 INFO __main__ :: [000000001353] folder ready (rr=0.7608): /aluno/aluno_stephany/repos/VR-Modality-Bias/results/runs/baseline_smolvlm256_mscoco_short_2026-05-29_113423/plots/unit_examples/000000001353
2026-06-01T22:36:23 INFO __main__ :: [000000001425] folder ready (rr=0.6023): /aluno/aluno_stephany/repos/VR-Modality-Bias/results/runs/baseline_smolvlm256_mscoco_short_2026-05-29_113423/plots/unit_examples/000000001425
2026-06-01T22:36:23 INFO __main__ :: [000000001490] folder ready (rr=0.6645): /aluno/aluno_stephany/repos/VR-Modality-Bias/results/runs/baseline_smolvlm256_mscoco_short_2026-05-29_113423/plots/unit_examples/000000001490
2026-06-01T22:36:23 INFO __main__ :: [000000001503] folder ready (rr=nan): /aluno/aluno_stephany/repos/VR-Modality-Bias/results/runs/baseline_smolvlm256_mscoco_short_2026-05-29_113423/plots/unit_examples/000000001503
2026-06-01T22:36:23 INFO __main__ :: [000000001532] folder ready (rr=0.6331): /aluno/aluno_stephany/repos/VR-Modality-Bias/results/runs/baseline_smolvlm256_mscoco_short_2026-05-29_113423/plots/unit_examples/000000001532
2026-06-01T22:36:23 INFO __main__ :: [000000001584] folder ready (rr=0.8472): /aluno/aluno_stephany/repos/VR-Modality-Bias/results/runs/baseline_smolvlm256_mscoco_short_2026-05-29_113423/plots/unit_examples/000000001584
2026-06-01T22:36:23 INFO __main__ :: [000000001675] folder ready (rr=0.5914): /aluno/aluno_stephany/repos/VR-Modality-Bias/results/runs/baseline_smolvlm256_mscoco_short_2026-05-29_113423/plots/unit_examples/000000001675
2026-06-01T22:36:24 INFO __main__ :: [000000001761] folder ready (rr=0.3785): /aluno/aluno_stephany/repos/VR-Modality-Bias/results/runs/baseline_smolvlm256_mscoco_short_2026-05-29_113423/plots/unit_examples/000000001761
2026-06-01T22:36:24 INFO __main__ :: [000000001818] folder ready (rr=0.3563): /aluno/aluno_stephany/repos/VR-Modality-Bias/results/runs/baseline_smolvlm256_mscoco_short_2026-05-29_113423/plots/unit_examples/000000001818
2026-06-01T22:36:24 INFO __main__ :: [000000001993] folder ready (rr=0.6219): /aluno/aluno_stephany/repos/VR-Modality-Bias/results/runs/baseline_smolvlm256_mscoco_short_2026-05-29_113423/plots/unit_examples/000000001993
2026-06-01T22:36:24 INFO __main__ :: [000000002006] folder ready (rr=0.5565): /aluno/aluno_stephany/repos/VR-Modality-Bias/results/runs/baseline_smolvlm256_mscoco_short_2026-05-29_113423/plots/unit_examples/000000002006
2026-06-01T22:36:24 INFO __main__ :: [000000002149] folder ready (rr=0.1700): /aluno/aluno_stephany/repos/VR-Modality-Bias/results/runs/baseline_smolvlm256_mscoco_short_2026-05-29_113423/plots/unit_examples/000000002149
2026-06-01T22:36:24 INFO __main__ :: [000000002153] folder ready (rr=0.7120): /aluno/aluno_stephany/repos/VR-Modality-Bias/results/runs/baseline_smolvlm256_mscoco_short_2026-05-29_113423/plots/unit_examples/000000002153
2026-06-01T22:36:24 INFO __main__ :: [000000002157] folder ready (rr=0.4488): /aluno/aluno_stephany/repos/VR-Modality-Bias/results/runs/baseline_smolvlm256_mscoco_short_2026-05-29_113423/plots/unit_examples/000000002157
2026-06-01T22:36:25 INFO __main__ :: [000000002261] folder ready (rr=0.3296): /aluno/aluno_stephany/repos/VR-Modality-Bias/results/runs/baseline_smolvlm256_mscoco_short_2026-05-29_113423/plots/unit_examples/000000002261
2026-06-01T22:36:25 INFO __main__ :: [000000002299] folder ready (rr=0.5567): /aluno/aluno_stephany/repos/VR-Modality-Bias/results/runs/baseline_smolvlm256_mscoco_short_2026-05-29_113423/plots/unit_examples/000000002299
2026-06-01T22:36:25 INFO __main__ :: [000000002431] folder ready (rr=0.6058): /aluno/aluno_stephany/repos/VR-Modality-Bias/results/runs/baseline_smolvlm256_mscoco_short_2026-05-29_113423/plots/unit_examples/000000002431
2026-06-01T22:36:25 INFO __main__ :: [000000002473] folder ready (rr=0.3160): /aluno/aluno_stephany/repos/VR-Modality-Bias/results/runs/baseline_smolvlm256_mscoco_short_2026-05-29_113423/plots/unit_examples/000000002473
2026-06-01T22:36:25 INFO __main__ :: Done. 30 unit example folder(s) under /aluno/aluno_stephany/repos/VR-Modality-Bias/results/runs/baseline_smolvlm256_mscoco_short_2026-05-29_113423/plots/unit_examples.
