2026-06-02T23:10:03 INFO __main__ :: Run dir: results/runs/sweep_smolvlm22_mscoco_long_2026-06-02_231003
2026-06-02T23:10:03 INFO __main__ :: Config: configs/run_smolvlm22_long.yaml
2026-06-02T23:10:03 INFO __main__ :: Prompt key: caption_long
2026-06-02T23:10:03 INFO __main__ :: Loading model HuggingFaceTB/SmolVLM-Instruct on cuda (dtype=torch.float16)…
2026-06-02T23:10:07 INFO __main__ :: Loaded. n_layers=24
2026-06-02T23:10:07 INFO __main__ :: discard_hidden_states_after_metrics = True
2026-06-02T23:10:07 INFO __main__ :: Processing 50 image(s) (cfg.n_images=50).
2026-06-02T23:10:11 INFO __main__ :: [000000000139] caption_ref: The image depicts an interior space that appears to be part of a modern living r...
2026-06-02T23:10:13 INFO __main__ :: [000000000139] saved (time=1.77 s, vram_peak=4.34 GB, disk=84.04 MB, rr=0.9763, htr=0.6125, caption_len=341)
2026-06-02T23:10:17 INFO __main__ :: [000000000285] caption_ref: The image depicts a solitary grizzly bear against an open grassy terrain with pa...
2026-06-02T23:10:21 INFO __main__ :: [000000000285] saved (time=2.72 s, vram_peak=4.39 GB, disk=113.72 MB, rr=0.9811, htr=0.5124, caption_len=512)
2026-06-02T23:10:25 INFO __main__ :: [000000000632] caption_ref: The image depicts a cozy bedroom with a prominent window at its center. The room...
2026-06-02T23:10:28 INFO __main__ :: [000000000632] saved (time=2.60 s, vram_peak=4.38 GB, disk=110.37 MB, rr=0.9508, htr=0.1981, caption_len=493)
2026-06-02T23:10:31 INFO __main__ :: [000000000724] caption_ref: The image depicts an outdoor setting on what appears to be a sunny day with clea...
2026-06-02T23:10:34 INFO __main__ :: [000000000724] saved (time=1.79 s, vram_peak=4.34 GB, disk=85.24 MB, rr=0.9460, htr=0.2551, caption_len=348)
2026-06-02T23:10:37 INFO __main__ :: [000000000776] caption_ref: The image depicts three teddy bears huddled closely together on what appears to ...
2026-06-02T23:10:41 INFO __main__ :: [000000000776] saved (time=2.47 s, vram_peak=4.37 GB, disk=104.50 MB, rr=0.9860, htr=0.7729, caption_len=459)
2026-06-02T23:10:42 INFO __main__ :: [000000000785] caption_ref: This photograph shows a woman standing on skis going down a snowy slope at a ski...
2026-06-02T23:10:43 INFO __main__ :: [000000000785] saved (time=1.01 s, vram_peak=4.29 GB, disk=47.68 MB, rr=0.9181, htr=0.4449, caption_len=131)
2026-06-02T23:10:46 INFO __main__ :: [000000000802] caption_ref: In this medium shot, we see an interior view of what appears to be a kitchen. Th...
2026-06-02T23:10:48 INFO __main__ :: [000000000802] saved (time=1.84 s, vram_peak=4.35 GB, disk=87.28 MB, rr=0.9640, htr=0.3774, caption_len=360)
2026-06-02T23:10:53 INFO __main__ :: [000000000872] caption_ref: The picture depicts an event on a baseball field during a game. Two male players...
2026-06-02T23:10:56 INFO __main__ :: [000000000872] saved (time=2.72 s, vram_peak=4.39 GB, disk=113.71 MB, rr=0.9335, htr=0.1385, caption_len=512)
2026-06-02T23:10:59 INFO __main__ :: [000000000885] caption_ref: The image captures a moment during a tennis match on a large indoor court with a...
2026-06-02T23:11:02 INFO __main__ :: [000000000885] saved (time=2.19 s, vram_peak=4.35 GB, disk=91.51 MB, rr=0.9653, htr=0.3674, caption_len=384)
2026-06-02T23:11:06 INFO __main__ :: [000000001000] caption_ref: The image depicts a group of young children standing on a tennis court with thei...
2026-06-02T23:11:10 INFO __main__ :: [000000001000] saved (time=2.72 s, vram_peak=4.39 GB, disk=113.71 MB, rr=0.9682, htr=0.3000, caption_len=512)
2026-06-02T23:11:13 INFO __main__ :: [000000001268] caption_ref: The image depicts a picturesque outdoor scene set against the backdrop of a city...
2026-06-02T23:11:16 INFO __main__ :: [000000001268] saved (time=2.26 s, vram_peak=4.36 GB, disk=95.00 MB, rr=0.9621, htr=0.3182, caption_len=404)
2026-06-02T23:11:17 INFO __main__ :: [000000001296] caption_ref: In this picture we can see a girl is holding her mobile phone and she is looking...
2026-06-02T23:11:18 INFO __main__ :: [000000001296] saved (time=0.77 s, vram_peak=4.28 GB, disk=37.77 MB, rr=0.9482, htr=1.3253, caption_len=74)
2026-06-02T23:11:22 INFO __main__ :: [000000001353] caption_ref: The image depicts a scene set up for a child train ride at what appears to be a ...
2026-06-02T23:11:26 INFO __main__ :: [000000001353] saved (time=2.67 s, vram_peak=4.39 GB, disk=112.30 MB, rr=0.9789, htr=0.4645, caption_len=504)
2026-06-02T23:11:30 INFO __main__ :: [000000001425] caption_ref: The image shows a close-up shot taken from a slightly elevated angle, focusing o...
2026-06-02T23:11:33 INFO __main__ :: [000000001425] saved (time=2.72 s, vram_peak=4.39 GB, disk=113.72 MB, rr=0.9694, htr=0.3122, caption_len=512)
2026-06-02T23:11:37 INFO __main__ :: [000000001490] caption_ref: A black and white photograph captures an individual standing on what appears to ...
2026-06-02T23:11:41 INFO __main__ :: [000000001490] saved (time=2.56 s, vram_peak=4.38 GB, disk=108.47 MB, rr=0.9395, htr=0.1627, caption_len=482)
2026-06-02T23:11:45 INFO __main__ :: [000000001503] caption_ref: The image shows a modern home office setup featuring an Apple computer monitor p...
2026-06-02T23:11:48 INFO __main__ :: [000000001503] saved (time=2.71 s, vram_peak=4.39 GB, disk=113.70 MB, rr=0.9793, htr=0.4674, caption_len=512)
2026-06-02T23:11:50 INFO __main__ :: [000000001532] caption_ref: In an urban setting, there are several highway signs pointing towards different ...
2026-06-02T23:11:52 INFO __main__ :: [000000001532] saved (time=1.36 s, vram_peak=4.32 GB, disk=66.67 MB, rr=0.9423, htr=0.3459, caption_len=241)
2026-06-02T23:11:55 INFO __main__ :: [000000001584] caption_ref: The image depicts a double-decker bus that is primarily red with cream accents. ...
2026-06-02T23:11:58 INFO __main__ :: [000000001584] saved (time=1.82 s, vram_peak=4.35 GB, disk=86.43 MB, rr=0.9777, htr=0.6259, caption_len=355)
2026-06-02T23:12:01 INFO __main__ :: [000000001675] caption_ref: The image depicts a black cat with white paws and a white patch on its chest lyi...
2026-06-02T23:12:04 INFO __main__ :: [000000001675] saved (time=2.20 s, vram_peak=4.35 GB, disk=92.04 MB, rr=0.9882, htr=1.0947, caption_len=387)
2026-06-02T23:12:04 INFO __main__ :: [000000001761] caption_ref: The sky is grey with patches of light blue and white clouds. Two large passenger...
2026-06-02T23:12:05 INFO __main__ :: [000000001761] saved (time=0.79 s, vram_peak=4.28 GB, disk=38.48 MB, rr=0.9538, htr=1.4145, caption_len=78)
2026-06-02T23:12:09 INFO __main__ :: [000000001818] caption_ref: The image is a black and white photograph taken from a low angle, capturing a cl...
2026-06-02T23:12:12 INFO __main__ :: [000000001818] saved (time=2.37 s, vram_peak=4.37 GB, disk=99.65 MB, rr=0.9770, htr=0.4988, caption_len=431)
2026-06-02T23:12:14 INFO __main__ :: [000000001993] caption_ref: The room is small and cozy with minimal furniture. There are three windows and t...
2026-06-02T23:12:15 INFO __main__ :: [000000001993] saved (time=1.15 s, vram_peak=4.30 GB, disk=54.09 MB, rr=0.9877, htr=2.4701, caption_len=168)
2026-06-02T23:12:16 INFO __main__ :: [000000002006] caption_ref: A purple bus is stopped on a city street with a stop sign in front of it. The bu...
2026-06-02T23:12:17 INFO __main__ :: [000000002006] saved (time=0.98 s, vram_peak=4.28 GB, disk=46.28 MB, rr=0.9083, htr=0.4196, caption_len=123)
2026-06-02T23:12:20 INFO __main__ :: [000000002149] caption_ref: The image is a close-up shot of several apples in a bowl against a dark backgrou...
2026-06-02T23:12:22 INFO __main__ :: [000000002149] saved (time=1.51 s, vram_peak=4.33 GB, disk=72.29 MB, rr=0.9541, htr=0.3879, caption_len=273)
2026-06-02T23:12:26 INFO __main__ :: [000000002153] caption_ref: The image depicts a baseball game being played at a professional stadium. The sc...
2026-06-02T23:12:29 INFO __main__ :: [000000002153] saved (time=2.73 s, vram_peak=4.39 GB, disk=113.73 MB, rr=0.9417, htr=0.1594, caption_len=512)
2026-06-02T23:12:33 INFO __main__ :: [000000002157] caption_ref: The image shows an outdoor dining setup on a red tablecloth, with several items ...
2026-06-02T23:12:37 INFO __main__ :: [000000002157] saved (time=2.48 s, vram_peak=4.37 GB, disk=105.21 MB, rr=0.9707, htr=0.3613, caption_len=463)
2026-06-02T23:12:37 INFO __main__ :: [000000002261] caption_ref: A man is surfing on a small blue boogie board. He has his right hand raised up a...
2026-06-02T23:12:38 INFO __main__ :: [000000002261] saved (time=0.76 s, vram_peak=4.28 GB, disk=37.58 MB, rr=0.8589, htr=0.4476, caption_len=73)
2026-06-02T23:12:43 INFO __main__ :: [000000002299] caption_ref: The image is a black-and-white photograph taken on a sunny day outdoors. There a...
2026-06-02T23:12:46 INFO __main__ :: [000000002299] saved (time=2.70 s, vram_peak=4.39 GB, disk=113.70 MB, rr=0.9794, htr=0.4681, caption_len=512)
2026-06-02T23:12:50 INFO __main__ :: [000000002431] caption_ref: The image depicts a beautifully set table at a restaurant, with an array of appe...
2026-06-02T23:12:53 INFO __main__ :: [000000002431] saved (time=2.37 s, vram_peak=4.37 GB, disk=99.67 MB, rr=0.9646, htr=0.3197, caption_len=431)
2026-06-02T23:12:56 INFO __main__ :: [000000002473] caption_ref: The image shows an athlete in mid-air, captured during a high jump on a snowy mo...
2026-06-02T23:12:58 INFO __main__ :: [000000002473] saved (time=1.80 s, vram_peak=4.34 GB, disk=85.42 MB, rr=0.9539, htr=0.3004, caption_len=349)
2026-06-02T23:13:00 INFO __main__ :: [000000002532] caption_ref: The image is a photograph taken from a slightly elevated angle that captures an ...
2026-06-02T23:13:03 INFO __main__ :: [000000002532] saved (time=1.60 s, vram_peak=4.33 GB, disk=76.14 MB, rr=0.9881, htr=1.4359, caption_len=295)
2026-06-02T23:13:03 INFO __main__ :: [000000002587] caption_ref: In this photograph I can see banana and chocolate doughnut placed on the plastic...
2026-06-02T23:13:04 INFO __main__ :: [000000002587] saved (time=0.71 s, vram_peak=4.28 GB, disk=35.03 MB, rr=0.9254, htr=1.1706, caption_len=58)
2026-06-02T23:13:05 INFO __main__ :: [000000002592] caption_ref: In this image, there are two objects placed side by side on what appears to be a...
2026-06-02T23:13:06 INFO __main__ :: [000000002592] saved (time=0.96 s, vram_peak=4.28 GB, disk=45.57 MB, rr=0.9896, htr=4.1736, caption_len=119)
2026-06-02T23:13:11 INFO __main__ :: [000000002685] caption_ref: The photograph depicts a group of people standing inside a room with wood floori...
2026-06-02T23:13:14 INFO __main__ :: [000000002685] saved (time=2.73 s, vram_peak=4.39 GB, disk=113.73 MB, rr=0.9532, htr=0.2011, caption_len=512)
2026-06-02T23:13:18 INFO __main__ :: [000000002923] caption_ref: The image depicts a coastal marshland environment with two white birds standing ...
2026-06-02T23:13:21 INFO __main__ :: [000000002923] saved (time=2.38 s, vram_peak=4.37 GB, disk=100.20 MB, rr=0.9470, htr=0.2084, caption_len=434)
2026-06-02T23:13:22 INFO __main__ :: [000000003156] caption_ref: In this picture I can see there is a person who is wearing black color shirt. Th...
2026-06-02T23:13:23 INFO __main__ :: [000000003156] saved (time=0.80 s, vram_peak=4.28 GB, disk=38.81 MB, rr=0.9440, htr=1.1234, caption_len=80)
2026-06-02T23:13:26 INFO __main__ :: [000000003255] caption_ref: In this wintery outdoor photograph, there is a vast expanse of snow-covered moun...
2026-06-02T23:13:29 INFO __main__ :: [000000003255] saved (time=2.22 s, vram_peak=4.35 GB, disk=92.77 MB, rr=0.9571, htr=0.2887, caption_len=391)
2026-06-02T23:13:33 INFO __main__ :: [000000003501] caption_ref: The image shows a white bowl filled with food items sitting on a wooden surface....
2026-06-02T23:13:37 INFO __main__ :: [000000003501] saved (time=2.72 s, vram_peak=4.39 GB, disk=113.55 MB, rr=0.9371, htr=0.1472, caption_len=511)
2026-06-02T23:13:40 INFO __main__ :: [000000003553] caption_ref: The image depicts an individual engaged in skateboarding on a wooden ramp. The i...
2026-06-02T23:13:43 INFO __main__ :: [000000003553] saved (time=2.21 s, vram_peak=4.35 GB, disk=92.20 MB, rr=0.9603, htr=0.3162, caption_len=388)
2026-06-02T23:13:45 INFO __main__ :: [000000003661] caption_ref: The image is a close-up photograph taken from a low angle, showcasing a few ripe...
2026-06-02T23:13:48 INFO __main__ :: [000000003661] saved (time=1.70 s, vram_peak=4.34 GB, disk=80.94 MB, rr=0.9698, htr=0.5043, caption_len=323)
2026-06-02T23:13:52 INFO __main__ :: [000000003845] caption_ref: The image displays a dining table set with food on it. The foreground features a...
2026-06-02T23:13:56 INFO __main__ :: [000000003845] saved (time=2.71 s, vram_peak=4.39 GB, disk=113.73 MB, rr=0.9747, htr=0.3807, caption_len=512)
2026-06-02T23:14:00 INFO __main__ :: [000000003934] caption_ref: The image depicts an indoor environment with several individuals engaged in an a...
2026-06-02T23:14:03 INFO __main__ :: [000000003934] saved (time=2.71 s, vram_peak=4.39 GB, disk=113.72 MB, rr=0.9592, htr=0.2321, caption_len=512)
2026-06-02T23:14:07 INFO __main__ :: [000000004134] caption_ref: The image depicts a social gathering or formal event taking place indoors within...
2026-06-02T23:14:10 INFO __main__ :: [000000004134] saved (time=2.23 s, vram_peak=4.36 GB, disk=93.03 MB, rr=0.9706, htr=0.4247, caption_len=393)
2026-06-02T23:14:12 INFO __main__ :: [000000004395] caption_ref: The man is dressed in formal business attire. He has short black hair and is wea...
2026-06-02T23:14:14 INFO __main__ :: [000000004395] saved (time=1.70 s, vram_peak=4.34 GB, disk=80.53 MB, rr=0.9800, htr=0.7766, caption_len=321)
2026-06-02T23:14:18 INFO __main__ :: [000000004495] caption_ref: The image depicts an empty living room with a few key pieces of furniture and de...
2026-06-02T23:14:22 INFO __main__ :: [000000004495] saved (time=2.46 s, vram_peak=4.37 GB, disk=103.96 MB, rr=0.9760, htr=0.4512, caption_len=456)
2026-06-02T23:14:26 INFO __main__ :: [000000004765] caption_ref: The image depicts a surfer riding a wave on an ocean or large body of water. The...
2026-06-02T23:14:29 INFO __main__ :: [000000004765] saved (time=2.71 s, vram_peak=4.39 GB, disk=113.73 MB, rr=0.9305, htr=0.1321, caption_len=512)
2026-06-02T23:14:30 INFO __main__ :: [000000004795] caption_ref: In this image we can see that there is a black cat looking into laptop screen wh...
2026-06-02T23:14:31 INFO __main__ :: [000000004795] saved (time=0.80 s, vram_peak=4.28 GB, disk=38.80 MB, rr=0.9485, htr=1.2267, caption_len=80)
2026-06-02T23:14:35 INFO __main__ :: [000000005001] caption_ref: The image depicts a celebratory event taking place outdoors on a city street. Th...
2026-06-02T23:14:39 INFO __main__ :: [000000005001] saved (time=2.72 s, vram_peak=4.39 GB, disk=113.73 MB, rr=0.9641, htr=0.2651, caption_len=512)
2026-06-02T23:14:43 INFO __main__ :: [000000005037] caption_ref: The image depicts a bus with an open door. The bus is primarily white with purpl...
2026-06-02T23:14:47 INFO __main__ :: [000000005037] saved (time=2.72 s, vram_peak=4.39 GB, disk=113.72 MB, rr=0.9829, htr=0.5662, caption_len=512)
2026-06-02T23:14:50 INFO __main__ :: [000000005060] caption_ref: The image depicts a person sitting on the floor directly in front of an ornate w...
2026-06-02T23:14:53 INFO __main__ :: [000000005060] saved (time=2.30 s, vram_peak=4.36 GB, disk=96.55 MB, rr=0.9700, htr=0.3957, caption_len=413)
2026-06-02T23:14:53 INFO __main__ :: Wrote 50 row(s) to results/runs/sweep_smolvlm22_mscoco_long_2026-06-02_231003/metrics.parquet.
2026-06-02T23:14:53 INFO __main__ :: residual_ratio   — n_finite_in_range=50/50, median=0.9640807857230322, iqr=0.029518927435856934
2026-06-02T23:14:53 INFO __main__ :: head_tail_ratio  — n_finite=50/50, median=0.4076610454805514, iqr=0.3008126465880622, min=0.13205813402156472, max=4.17360284146356
2026-06-02T23:14:53 INFO __main__ :: Diagnostics — pairs=50, total=1m 41.6s, median/pair=2.25 s, VRAM peak=4.39 GB, disk run=4.37 MB
