2026-06-02T23:07:59 INFO __main__ :: Run dir: results/runs/sweep_smolvlm22_mscoco_medium_2026-06-02_230759
2026-06-02T23:07:59 INFO __main__ :: Config: configs/run_smolvlm22_medium.yaml
2026-06-02T23:07:59 INFO __main__ :: Prompt key: caption_medium
2026-06-02T23:07:59 INFO __main__ :: Loading model HuggingFaceTB/SmolVLM-Instruct on cuda (dtype=torch.float16)…
2026-06-02T23:08:03 INFO __main__ :: Loaded. n_layers=24
2026-06-02T23:08:03 INFO __main__ :: discard_hidden_states_after_metrics = True
2026-06-02T23:08:03 INFO __main__ :: Processing 50 image(s) (cfg.n_images=50).
2026-06-02T23:08:05 INFO __main__ :: [000000000139] caption_ref: The image depicts a bright, well-lit indoor living space with multiple areas of ...
2026-06-02T23:08:07 INFO __main__ :: [000000000139] saved (time=1.42 s, vram_peak=4.30 GB, disk=59.25 MB, rr=0.9605, htr=0.6231, caption_len=200)
2026-06-02T23:08:09 INFO __main__ :: [000000000285] caption_ref: The image depicts a solitary brown bear sitting on grass. The bear is positioned...
2026-06-02T23:08:10 INFO __main__ :: [000000000285] saved (time=1.42 s, vram_peak=4.30 GB, disk=59.25 MB, rr=0.9357, htr=0.3728, caption_len=200)
2026-06-02T23:08:12 INFO __main__ :: [000000000632] caption_ref: The image displays a cozy bedroom scene with a central focus on a bed. The bed i...
2026-06-02T23:08:14 INFO __main__ :: [000000000632] saved (time=1.41 s, vram_peak=4.30 GB, disk=59.24 MB, rr=0.9192, htr=0.2916, caption_len=200)
2026-06-02T23:08:15 INFO __main__ :: [000000000724] caption_ref: In the center of the image there is a stop sign with red background and white te...
2026-06-02T23:08:16 INFO __main__ :: [000000000724] saved (time=0.82 s, vram_peak=4.28 GB, disk=40.53 MB, rr=0.8444, htr=0.3120, caption_len=92)
2026-06-02T23:08:17 INFO __main__ :: [000000000776] caption_ref: The image depicts a close-up view of a collection of teddy bears arranged togeth...
2026-06-02T23:08:19 INFO __main__ :: [000000000776] saved (time=1.40 s, vram_peak=4.30 GB, disk=59.23 MB, rr=0.9496, htr=0.4827, caption_len=200)
2026-06-02T23:08:20 INFO __main__ :: [000000000785] caption_ref: In this picture we can see a person holding ski poles and wearing red jacket and...
2026-06-02T23:08:20 INFO __main__ :: [000000000785] saved (time=0.65 s, vram_peak=4.28 GB, disk=32.05 MB, rr=0.8960, htr=1.1338, caption_len=43)
2026-06-02T23:08:21 INFO __main__ :: [000000000802] caption_ref: In this picture I can see a refrigerator which is on the right side of the image...
2026-06-02T23:08:22 INFO __main__ :: [000000000802] saved (time=0.73 s, vram_peak=4.28 GB, disk=36.07 MB, rr=0.7523, htr=0.2490, caption_len=66)
2026-06-02T23:08:23 INFO __main__ :: [000000000872] caption_ref: The picture depicts a baseball field where an infielder is catching a fly ball w...
2026-06-02T23:08:25 INFO __main__ :: [000000000872] saved (time=1.08 s, vram_peak=4.29 GB, disk=51.14 MB, rr=0.9435, htr=0.5639, caption_len=153)
2026-06-02T23:08:26 INFO __main__ :: [000000000885] caption_ref: The image is of a tennis match on a large outdoor court. A player, wearing a whi...
2026-06-02T23:08:27 INFO __main__ :: [000000000885] saved (time=0.85 s, vram_peak=4.28 GB, disk=41.69 MB, rr=0.9306, htr=0.7133, caption_len=99)
2026-06-02T23:08:28 INFO __main__ :: [000000001000] caption_ref: The image depicts a group of children and two adults standing on a tennis court....
2026-06-02T23:08:30 INFO __main__ :: [000000001000] saved (time=1.40 s, vram_peak=4.30 GB, disk=59.24 MB, rr=0.9671, htr=0.7536, caption_len=200)
2026-06-02T23:08:30 INFO __main__ :: [000000001268] caption_ref: In this image we see people on a walkway under an arch bridge. A woman with long...
2026-06-02T23:08:31 INFO __main__ :: [000000001268] saved (time=0.68 s, vram_peak=4.28 GB, disk=33.44 MB, rr=0.8457, htr=0.5958, caption_len=51)
2026-06-02T23:08:32 INFO __main__ :: [000000001296] caption_ref: In a picture we can see a girl is holding her mobile which has some text on it a...
2026-06-02T23:08:33 INFO __main__ :: [000000001296] saved (time=0.62 s, vram_peak=4.28 GB, disk=31.03 MB, rr=0.8275, htr=0.7498, caption_len=37)
2026-06-02T23:08:33 INFO __main__ :: [000000001353] caption_ref: In this picture there are children on a train track, the background is brown, ye...
2026-06-02T23:08:33 INFO __main__ :: [000000001353] saved (time=0.55 s, vram_peak=4.28 GB, disk=28.56 MB, rr=0.8489, htr=1.5607, caption_len=23)
2026-06-02T23:08:34 INFO __main__ :: [000000001425] caption_ref: In this black and white picture we can see a plate with some food item on it.
2026-06-02T23:08:34 INFO __main__ :: [000000001425] saved (time=0.53 s, vram_peak=4.28 GB, disk=27.69 MB, rr=0.5271, htr=0.4287, caption_len=18)
2026-06-02T23:08:36 INFO __main__ :: [000000001490] caption_ref: The image depicts a person engaged in water sports on what appears to be a paddl...
2026-06-02T23:08:38 INFO __main__ :: [000000001490] saved (time=1.41 s, vram_peak=4.30 GB, disk=59.23 MB, rr=0.9371, htr=0.3817, caption_len=200)
2026-06-02T23:08:39 INFO __main__ :: [000000001503] caption_ref: The image shows a modern home office setup with an Apple computer at the center ...
2026-06-02T23:08:41 INFO __main__ :: [000000001503] saved (time=1.41 s, vram_peak=4.30 GB, disk=59.24 MB, rr=0.9257, htr=0.3196, caption_len=200)
2026-06-02T23:08:42 INFO __main__ :: [000000001532] caption_ref: In this image I can see a few vehicles moving on the road. On the top of the ima...
2026-06-02T23:08:42 INFO __main__ :: [000000001532] saved (time=0.65 s, vram_peak=4.28 GB, disk=32.05 MB, rr=0.8362, htr=0.6719, caption_len=43)
2026-06-02T23:08:43 INFO __main__ :: [000000001584] caption_ref: The image depicts a double-decker bus with red paint and white lettering on its ...
2026-06-02T23:08:44 INFO __main__ :: [000000001584] saved (time=0.83 s, vram_peak=4.28 GB, disk=40.70 MB, rr=0.9378, htr=0.8566, caption_len=93)
2026-06-02T23:08:46 INFO __main__ :: [000000001675] caption_ref: The image depicts a black cat with white paws and a white muzzle resting inside ...
2026-06-02T23:08:48 INFO __main__ :: [000000001675] saved (time=1.41 s, vram_peak=4.30 GB, disk=59.24 MB, rr=0.9827, htr=1.4606, caption_len=200)
2026-06-02T23:08:49 INFO __main__ :: [000000001761] caption_ref: The image depicts two large passenger jets flying over a bridge on a cloudy day....
2026-06-02T23:08:51 INFO __main__ :: [000000001761] saved (time=1.20 s, vram_peak=4.30 GB, disk=56.50 MB, rr=0.9860, htr=1.9728, caption_len=184)
2026-06-02T23:08:52 INFO __main__ :: [000000001818] caption_ref: The image is a black and white photograph taken at a close-up angle. In the cent...
2026-06-02T23:08:53 INFO __main__ :: [000000001818] saved (time=0.99 s, vram_peak=4.29 GB, disk=46.80 MB, rr=0.9433, htr=0.6766, caption_len=128)
2026-06-02T23:08:54 INFO __main__ :: [000000001993] caption_ref: The room is a bedroom with purple walls and dark wood floors. There are 3 window...
2026-06-02T23:08:55 INFO __main__ :: [000000001993] saved (time=0.70 s, vram_peak=4.28 GB, disk=35.03 MB, rr=0.9158, htr=0.9885, caption_len=60)
2026-06-02T23:08:55 INFO __main__ :: [000000002006] caption_ref: A purple bus is stopped on a city street with a stop sign in front of it. The bu...
2026-06-02T23:08:57 INFO __main__ :: [000000002006] saved (time=0.80 s, vram_peak=4.28 GB, disk=39.16 MB, rr=0.8562, htr=0.3769, caption_len=84)
2026-06-02T23:08:58 INFO __main__ :: [000000002149] caption_ref: The image is a closeup of several apples sitting on top of each other in a white...
2026-06-02T23:08:59 INFO __main__ :: [000000002149] saved (time=1.03 s, vram_peak=4.29 GB, disk=48.88 MB, rr=0.9408, htr=0.5887, caption_len=140)
2026-06-02T23:09:01 INFO __main__ :: [000000002153] caption_ref: The image shows a baseball game being played at a field with two players positio...
2026-06-02T23:09:02 INFO __main__ :: [000000002153] saved (time=1.22 s, vram_peak=4.30 GB, disk=57.35 MB, rr=0.9333, htr=0.3801, caption_len=189)
2026-06-02T23:09:03 INFO __main__ :: [000000002157] caption_ref: The image shows a beautifully set table with various food items arranged on it. ...
2026-06-02T23:09:04 INFO __main__ :: [000000002157] saved (time=0.93 s, vram_peak=4.28 GB, disk=44.72 MB, rr=0.9874, htr=3.5372, caption_len=116)
2026-06-02T23:09:05 INFO __main__ :: [000000002261] caption_ref: A man is on a boogie board and has his arm up. The background includes green wat...
2026-06-02T23:09:05 INFO __main__ :: [000000002261] saved (time=0.54 s, vram_peak=4.28 GB, disk=28.23 MB, rr=0.4872, htr=0.2969, caption_len=21)
2026-06-02T23:09:07 INFO __main__ :: [000000002299] caption_ref: The image is a black-and-white photograph taken of children sitting in rows on t...
2026-06-02T23:09:09 INFO __main__ :: [000000002299] saved (time=1.41 s, vram_peak=4.30 GB, disk=59.23 MB, rr=0.9545, htr=0.5383, caption_len=200)
2026-06-02T23:09:10 INFO __main__ :: [000000002431] caption_ref: The image depicts a dinner plate with several food items arranged on it, suggest...
2026-06-02T23:09:12 INFO __main__ :: [000000002431] saved (time=1.42 s, vram_peak=4.30 GB, disk=59.22 MB, rr=0.9408, htr=0.4073, caption_len=200)
2026-06-02T23:09:13 INFO __main__ :: [000000002473] caption_ref: The image shows a skier wearing an unidentifiable colorful outfit jumping over s...
2026-06-02T23:09:15 INFO __main__ :: [000000002473] saved (time=0.98 s, vram_peak=4.29 GB, disk=46.97 MB, rr=0.9417, htr=0.6519, caption_len=129)
2026-06-02T23:09:15 INFO __main__ :: [000000002532] caption_ref: The image is a photograph of a person skiing down a snowy mountain. The skier is...
2026-06-02T23:09:16 INFO __main__ :: [000000002532] saved (time=0.73 s, vram_peak=4.28 GB, disk=36.21 MB, rr=0.9301, htr=1.0736, caption_len=67)
2026-06-02T23:09:17 INFO __main__ :: [000000002587] caption_ref: In this picture I can see a banana and a doughnut placed on a paper. The banana ...
2026-06-02T23:09:18 INFO __main__ :: [000000002587] saved (time=0.70 s, vram_peak=4.28 GB, disk=34.69 MB, rr=0.8667, htr=0.6132, caption_len=58)
2026-06-02T23:09:18 INFO __main__ :: [000000002592] caption_ref: The image shows a white coffee mug with black lettering printed on it. The mug f...
2026-06-02T23:09:20 INFO __main__ :: [000000002592] saved (time=0.86 s, vram_peak=4.28 GB, disk=42.59 MB, rr=0.9727, htr=1.7974, caption_len=104)
2026-06-02T23:09:21 INFO __main__ :: [000000002685] caption_ref: The image depicts a group of people standing inside a room with wood flooring, w...
2026-06-02T23:09:22 INFO __main__ :: [000000002685] saved (time=0.99 s, vram_peak=4.29 GB, disk=46.63 MB, rr=0.9506, htr=0.7895, caption_len=127)
2026-06-02T23:09:24 INFO __main__ :: [000000002923] caption_ref: The image depicts a coastal marshland scene with two white birds standing in the...
2026-06-02T23:09:25 INFO __main__ :: [000000002923] saved (time=1.40 s, vram_peak=4.30 GB, disk=59.25 MB, rr=0.8805, htr=0.1890, caption_len=200)
2026-06-02T23:09:26 INFO __main__ :: [000000003156] caption_ref: In this picture I can see a man wearing gloves is sitting on his knees while cle...
2026-06-02T23:09:27 INFO __main__ :: [000000003156] saved (time=0.62 s, vram_peak=4.28 GB, disk=30.86 MB, rr=0.9157, htr=1.7528, caption_len=36)
2026-06-02T23:09:27 INFO __main__ :: [000000003255] caption_ref: In this winter scene, there are people walking on a snowy slope with their dogs....
2026-06-02T23:09:28 INFO __main__ :: [000000003255] saved (time=0.67 s, vram_peak=4.28 GB, disk=33.84 MB, rr=0.9221, htr=1.2323, caption_len=53)
2026-06-02T23:09:30 INFO __main__ :: [000000003501] caption_ref: The image shows a white bowl filled with food items. There are several distinct ...
2026-06-02T23:09:31 INFO __main__ :: [000000003501] saved (time=1.42 s, vram_peak=4.30 GB, disk=59.24 MB, rr=0.8988, htr=0.2276, caption_len=200)
2026-06-02T23:09:33 INFO __main__ :: [000000003553] caption_ref: The image depicts a person skateboarding on a wooden ramp. Here is a detailed de...
2026-06-02T23:09:35 INFO __main__ :: [000000003553] saved (time=1.41 s, vram_peak=4.30 GB, disk=59.23 MB, rr=0.9267, htr=0.3241, caption_len=200)
2026-06-02T23:09:36 INFO __main__ :: [000000003661] caption_ref: The image is a close-up of four ripe bananas on a wooden table with a green back...
2026-06-02T23:09:38 INFO __main__ :: [000000003661] saved (time=1.40 s, vram_peak=4.30 GB, disk=59.24 MB, rr=0.9321, htr=0.3519, caption_len=200)
2026-06-02T23:09:40 INFO __main__ :: [000000003845] caption_ref: The image displays a plate of food with various types of vegetables, meat, and r...
2026-06-02T23:09:42 INFO __main__ :: [000000003845] saved (time=1.41 s, vram_peak=4.30 GB, disk=59.24 MB, rr=0.9431, htr=0.4251, caption_len=200)
2026-06-02T23:09:43 INFO __main__ :: [000000003934] caption_ref: The image depicts a casual gathering of people playing a video game together on ...
2026-06-02T23:09:45 INFO __main__ :: [000000003934] saved (time=1.40 s, vram_peak=4.30 GB, disk=59.24 MB, rr=0.9574, htr=0.5758, caption_len=200)
2026-06-02T23:09:46 INFO __main__ :: [000000004134] caption_ref: The image depicts a social gathering of people gathered inside a large room like...
2026-06-02T23:09:47 INFO __main__ :: [000000004134] saved (time=0.96 s, vram_peak=4.28 GB, disk=45.74 MB, rr=0.9194, htr=0.4877, caption_len=122)
2026-06-02T23:09:48 INFO __main__ :: [000000004395] caption_ref: The man is wearing a white dress shirt and black striped tie. He has his left ha...
2026-06-02T23:09:49 INFO __main__ :: [000000004395] saved (time=0.59 s, vram_peak=4.28 GB, disk=29.83 MB, rr=0.8885, htr=1.5944, caption_len=30)
2026-06-02T23:09:49 INFO __main__ :: [000000004495] caption_ref: The image is an indoor scene. In this scene, there are two plaid couches facing ...
2026-06-02T23:09:50 INFO __main__ :: [000000004495] saved (time=0.71 s, vram_peak=4.28 GB, disk=35.38 MB, rr=0.9458, htr=1.5313, caption_len=62)
2026-06-02T23:09:51 INFO __main__ :: [000000004765] caption_ref: In this picture I can see a man is surfing on water. On his right hand side he h...
2026-06-02T23:09:51 INFO __main__ :: [000000004765] saved (time=0.69 s, vram_peak=4.28 GB, disk=33.99 MB, rr=0.9464, htr=1.8003, caption_len=54)
2026-06-02T23:09:52 INFO __main__ :: [000000004795] caption_ref: In this image we can see a cat on the left side of the screen, laptop, telephone...
2026-06-02T23:09:52 INFO __main__ :: [000000004795] saved (time=0.56 s, vram_peak=4.28 GB, disk=29.07 MB, rr=0.8257, htr=1.1276, caption_len=26)
2026-06-02T23:09:54 INFO __main__ :: [000000005001] caption_ref: The image depicts a ribbon cutting ceremony at a new business establishment. The...
2026-06-02T23:09:56 INFO __main__ :: [000000005001] saved (time=1.41 s, vram_peak=4.30 GB, disk=59.23 MB, rr=0.9318, htr=0.3504, caption_len=200)
2026-06-02T23:09:57 INFO __main__ :: [000000005037] caption_ref: The image depicts a bus with an open door. The bus is white, purple, and pink. O...
2026-06-02T23:09:58 INFO __main__ :: [000000005037] saved (time=0.94 s, vram_peak=4.28 GB, disk=44.88 MB, rr=0.9607, htr=1.0906, caption_len=117)
2026-06-02T23:10:00 INFO __main__ :: [000000005060] caption_ref: The image depicts a person who is seated in front of an ornate wooden mirror whi...
2026-06-02T23:10:02 INFO __main__ :: [000000005060] saved (time=1.40 s, vram_peak=4.30 GB, disk=59.23 MB, rr=0.9265, htr=0.3233, caption_len=200)
2026-06-02T23:10:02 INFO __main__ :: Wrote 50 row(s) to results/runs/sweep_smolvlm22_mscoco_medium_2026-06-02_230759/metrics.parquet.
2026-06-02T23:10:02 INFO __main__ :: residual_ratio   — n_finite_in_range=50/50, median=0.9312098398396085, iqr=0.05482505552138073
2026-06-02T23:10:02 INFO __main__ :: head_tail_ratio  — n_finite=50/50, median=0.6044971177575615, iqr=0.7086865792143486, min=0.18899247941746916, max=3.5371651505992685
2026-06-02T23:10:02 INFO __main__ :: Diagnostics — pairs=50, total=50.75 s, median/pair=0.97 s, VRAM peak=4.30 GB, disk run=1.73 MB
